<?xml version="1.0" encoding="UTF-8" ?>
<testsuite errors="0" failures="0" hostname="Compu-Christopher" name="ec.edu.espe.inventoryhadwarestore.model.InventoryTest" skipped="0" tests="1" time="2.384" timestamp="2021-03-03T23:26:24">
  <properties>
[...]
</properties>
  <testcase classname="ec.edu.espe.inventoryhadwarestore.model.InventoryTest" name="testReadFromMongoDb" time="2.32" />
  <system-out><![CDATA[Productlist[Product{id=0, name=Pala, brand=APM, quantity=20, price=2.0, category=Herramienta}]
[Product{id=0, name=Pala, brand=APM, quantity=20, price=2.0, category=Herramienta}]
]]></system-out>
  <system-err><![CDATA[mar. 03, 2021 6:26:25 P. M. com.mongodb.diagnostics.logging.JULLogger log
INFO: Cluster created with settings {hosts=[proyect1-shard-00-00.jfdts.mongodb.net:27017, proyect1-shard-00-01.jfdts.mongodb.net:27017, proyect1-shard-00-02.jfdts.mongodb.net:27017], mode=MULTIPLE, requiredClusterType=REPLICA_SET, serverSelectionTimeout='30000 ms', maxWaitQueueSize=500, requiredReplicaSetName='atlas-ixa68u-shard-0'}
mar. 03, 2021 6:26:25 P. M. com.mongodb.diagnostics.logging.JULLogger log
INFO: Adding discovered server proyect1-shard-00-00.jfdts.mongodb.net:27017 to client view of cluster
mar. 03, 2021 6:26:25 P. M. com.mongodb.diagnostics.logging.JULLogger log
INFO: Adding discovered server proyect1-shard-00-01.jfdts.mongodb.net:27017 to client view of cluster
mar. 03, 2021 6:26:25 P. M. com.mongodb.diagnostics.logging.JULLogger log
INFO: Adding discovered server proyect1-shard-00-02.jfdts.mongodb.net:27017 to client view of cluster
mar. 03, 2021 6:26:25 P. M. com.mongodb.diagnostics.logging.JULLogger log
INFO: No server chosen by com.mongodb.Mongo$4@2ddc9a9f from cluster description ClusterDescription{type=REPLICA_SET, connectionMode=MULTIPLE, serverDescriptions=[ServerDescription{address=proyect1-shard-00-01.jfdts.mongodb.net:27017, type=UNKNOWN, state=CONNECTING}, ServerDescription{address=proyect1-shard-00-02.jfdts.mongodb.net:27017, type=UNKNOWN, state=CONNECTING}, ServerDescription{address=proyect1-shard-00-00.jfdts.mongodb.net:27017, type=UNKNOWN, state=CONNECTING}]}. Waiting for 30000 ms before timing out
mar. 03, 2021 6:26:26 P. M. com.mongodb.diagnostics.logging.JULLogger log
INFO: Opened connection [connectionId{localValue:2, serverValue:97795}] to proyect1-shard-00-00.jfdts.mongodb.net:27017
mar. 03, 2021 6:26:26 P. M. com.mongodb.diagnostics.logging.JULLogger log
INFO: Opened connection [connectionId{localValue:1, serverValue:109476}] to proyect1-shard-00-01.jfdts.mongodb.net:27017
mar. 03, 2021 6:26:26 P. M. com.mongodb.diagnostics.logging.JULLogger log
INFO: Opened connection [connectionId{localValue:3, serverValue:97773}] to proyect1-shard-00-02.jfdts.mongodb.net:27017
mar. 03, 2021 6:26:26 P. M. com.mongodb.diagnostics.logging.JULLogger log
INFO: Monitor thread successfully connected to server with description ServerDescription{address=proyect1-shard-00-00.jfdts.mongodb.net:27017, type=REPLICA_SET_SECONDARY, state=CONNECTED, ok=true, version=ServerVersion{versionList=[4, 4, 4]}, minWireVersion=0, maxWireVersion=9, maxDocumentSize=16777216, logicalSessionTimeoutMinutes=30, roundTripTimeNanos=74462300, setName='atlas-ixa68u-shard-0', canonicalAddress=proyect1-shard-00-00.jfdts.mongodb.net:27017, hosts=[proyect1-shard-00-00.jfdts.mongodb.net:27017, proyect1-shard-00-02.jfdts.mongodb.net:27017, proyect1-shard-00-01.jfdts.mongodb.net:27017], passives=[], arbiters=[], primary='proyect1-shard-00-01.jfdts.mongodb.net:27017', tagSet=TagSet{[Tag{name='nodeType', value='ELECTABLE'}, Tag{name='region', value='US_EAST_1'}, Tag{name='workloadType', value='OPERATIONAL'}, Tag{name='provider', value='AWS'}]}, electionId=null, setVersion=1, lastWriteDate=Wed Mar 03 18:26:26 COT 2021, lastUpdateTimeNanos=284009508279700}
mar. 03, 2021 6:26:26 P. M. com.mongodb.diagnostics.logging.JULLogger log
INFO: No server chosen by ReadPreferenceServerSelector{readPreference=primary} from cluster description ClusterDescription{type=REPLICA_SET, connectionMode=MULTIPLE, serverDescriptions=[ServerDescription{address=proyect1-shard-00-01.jfdts.mongodb.net:27017, type=UNKNOWN, state=CONNECTING}, ServerDescription{address=proyect1-shard-00-02.jfdts.mongodb.net:27017, type=UNKNOWN, state=CONNECTING}, ServerDescription{address=proyect1-shard-00-00.jfdts.mongodb.net:27017, type=REPLICA_SET_SECONDARY, state=CONNECTED, ok=true, version=ServerVersion{versionList=[4, 4, 4]}, minWireVersion=0, maxWireVersion=9, maxDocumentSize=16777216, logicalSessionTimeoutMinutes=30, roundTripTimeNanos=74462300, setName='atlas-ixa68u-shard-0', canonicalAddress=proyect1-shard-00-00.jfdts.mongodb.net:27017, hosts=[proyect1-shard-00-00.jfdts.mongodb.net:27017, proyect1-shard-00-02.jfdts.mongodb.net:27017, proyect1-shard-00-01.jfdts.mongodb.net:27017], passives=[], arbiters=[], primary='proyect1-shard-00-01.jfdts.mongodb.net:27017', tagSet=TagSet{[Tag{name='nodeType', value='ELECTABLE'}, Tag{name='region', value='US_EAST_1'}, Tag{name='workloadType', value='OPERATIONAL'}, Tag{name='provider', value='AWS'}]}, electionId=null, setVersion=1, lastWriteDate=Wed Mar 03 18:26:26 COT 2021, lastUpdateTimeNanos=284009508279700}]}. Waiting for 30000 ms before timing out
mar. 03, 2021 6:26:26 P. M. com.mongodb.diagnostics.logging.JULLogger log
INFO: Monitor thread successfully connected to server with description ServerDescription{address=proyect1-shard-00-01.jfdts.mongodb.net:27017, type=REPLICA_SET_PRIMARY, state=CONNECTED, ok=true, version=ServerVersion{versionList=[4, 4, 4]}, minWireVersion=0, maxWireVersion=9, maxDocumentSize=16777216, logicalSessionTimeoutMinutes=30, roundTripTimeNanos=76589100, setName='atlas-ixa68u-shard-0', canonicalAddress=proyect1-shard-00-01.jfdts.mongodb.net:27017, hosts=[proyect1-shard-00-00.jfdts.mongodb.net:27017, proyect1-shard-00-02.jfdts.mongodb.net:27017, proyect1-shard-00-01.jfdts.mongodb.net:27017], passives=[], arbiters=[], primary='proyect1-shard-00-01.jfdts.mongodb.net:27017', tagSet=TagSet{[Tag{name='workloadType', value='OPERATIONAL'}, Tag{name='provider', value='AWS'}, Tag{name='region', value='US_EAST_1'}, Tag{name='nodeType', value='ELECTABLE'}]}, electionId=7fffffff0000000000000004, setVersion=1, lastWriteDate=Wed Mar 03 18:26:26 COT 2021, lastUpdateTimeNanos=284009535892100}
mar. 03, 2021 6:26:26 P. M. com.mongodb.diagnostics.logging.JULLogger log
INFO: Setting max election id to 7fffffff0000000000000004 from replica set primary proyect1-shard-00-01.jfdts.mongodb.net:27017
mar. 03, 2021 6:26:26 P. M. com.mongodb.diagnostics.logging.JULLogger log
INFO: Monitor thread successfully connected to server with description ServerDescription{address=proyect1-shard-00-02.jfdts.mongodb.net:27017, type=REPLICA_SET_SECONDARY, state=CONNECTED, ok=true, version=ServerVersion{versionList=[4, 4, 4]}, minWireVersion=0, maxWireVersion=9, maxDocumentSize=16777216, logicalSessionTimeoutMinutes=30, roundTripTimeNanos=76528000, setName='atlas-ixa68u-shard-0', canonicalAddress=proyect1-shard-00-02.jfdts.mongodb.net:27017, hosts=[proyect1-shard-00-00.jfdts.mongodb.net:27017, proyect1-shard-00-02.jfdts.mongodb.net:27017, proyect1-shard-00-01.jfdts.mongodb.net:27017], passives=[], arbiters=[], primary='proyect1-shard-00-01.jfdts.mongodb.net:27017', tagSet=TagSet{[Tag{name='workloadType', value='OPERATIONAL'}, Tag{name='region', value='US_EAST_1'}, Tag{name='nodeType', value='ELECTABLE'}, Tag{name='provider', value='AWS'}]}, electionId=null, setVersion=1, lastWriteDate=Wed Mar 03 18:26:26 COT 2021, lastUpdateTimeNanos=284009537098500}
mar. 03, 2021 6:26:26 P. M. com.mongodb.diagnostics.logging.JULLogger log
INFO: Setting max set version to 1 from replica set primary proyect1-shard-00-01.jfdts.mongodb.net:27017
mar. 03, 2021 6:26:26 P. M. com.mongodb.diagnostics.logging.JULLogger log
INFO: Discovered replica set primary proyect1-shard-00-01.jfdts.mongodb.net:27017
mar. 03, 2021 6:26:27 P. M. com.mongodb.diagnostics.logging.JULLogger log
INFO: Monitor thread successfully connected to server with description ServerDescription{address=proyect1-shard-00-00.jfdts.mongodb.net:27017, type=REPLICA_SET_SECONDARY, state=CONNECTED, ok=true, version=ServerVersion{versionList=[4, 4, 4]}, minWireVersion=0, maxWireVersion=9, maxDocumentSize=16777216, logicalSessionTimeoutMinutes=30, roundTripTimeNanos=74504800, setName='atlas-ixa68u-shard-0', canonicalAddress=proyect1-shard-00-00.jfdts.mongodb.net:27017, hosts=[proyect1-shard-00-00.jfdts.mongodb.net:27017, proyect1-shard-00-02.jfdts.mongodb.net:27017, proyect1-shard-00-01.jfdts.mongodb.net:27017], passives=[], arbiters=[], primary='proyect1-shard-00-01.jfdts.mongodb.net:27017', tagSet=TagSet{[Tag{name='region', value='US_EAST_1'}, Tag{name='nodeType', value='ELECTABLE'}, Tag{name='workloadType', value='OPERATIONAL'}, Tag{name='provider', value='AWS'}]}, electionId=null, setVersion=1, lastWriteDate=Wed Mar 03 18:26:27 COT 2021, lastUpdateTimeNanos=284010089691600}
mar. 03, 2021 6:26:27 P. M. com.mongodb.diagnostics.logging.JULLogger log
INFO: Opened connection [connectionId{localValue:4, serverValue:109384}] to proyect1-shard-00-01.jfdts.mongodb.net:27017
]]></system-err>
</testsuite>
